🚀 Mini Interpreter API running on http://localhost:8000
📝 API Documentation:
  GET  /        - Status check
  POST /execute - Execute code
  POST /compile - Compile code to bytecode
  POST /debug   - Debug code step-by-step

🔧 Frontend should connect to this server
📄 Open frontend/index.html in your browser

⏹️  Press Ctrl+C to stop the server
🔄 Auto-restart enabled - Server will restart on file changes

 * Serving Flask app 'simple_app'
 * Debug mode: off
🚀 Mini Interpreter API running on http://localhost:8000
📝 API Documentation:
  GET  /        - Status check
  POST /execute - Execute code
  POST /compile - Compile code to bytecode
  POST /debug   - Debug code step-by-step

🔧 Frontend should connect to this server
📄 Open frontend/index.html in your browser

⏹️  Press Ctrl+C to stop the server
🔄 Auto-restart enabled - Server will restart on file changes

Token: IDENTIFIER = 'x' (line 1, col 1)
Token: ASSIGN = '=' (line 1, col 3)
Token: NUMBER = '10' (line 1, col 5)
Token: NEWLINE = '\n' (line 1, col 7)
Token: IF = 'if' (line 2, col 1)
Token: IDENTIFIER = 'x' (line 2, col 4)
Token: GREATER = '>' (line 2, col 6)
Token: NUMBER = '5' (line 2, col 8)
Token: COLON = ':' (line 2, col 9)
Token: NEWLINE = '\n' (line 2, col 10)
Token: PRINT = 'print' (line 3, col 5)
Token: LPAREN = '(' (line 3, col 10)
Token: STRING = 'Big' (line 3, col 13)
Token: RPAREN = ')' (line 3, col 16)
Token: NEWLINE = '\n' (line 3, col 17)
Token: ELSE = 'else' (line 4, col 1)
Token: COLON = ':' (line 4, col 5)
Token: NEWLINE = '\n' (line 4, col 6)
Token: PRINT = 'print' (line 5, col 5)
Token: LPAREN = '(' (line 5, col 10)
Token: STRING = 'Small' (line 5, col 13)
Token: RPAREN = ')' (line 5, col 18)
Token: EOF = '' (line 5, col 19)
Token: IDENTIFIER = 'x' (line 1, col 1)
Token: ASSIGN = '=' (line 1, col 3)
Token: NUMBER = '10' (line 1, col 5)
Token: NEWLINE = '\n' (line 1, col 7)
Token: IF = 'if' (line 2, col 1)
Token: IDENTIFIER = 'x' (line 2, col 4)
Token: GREATER = '>' (line 2, col 6)
Token: NUMBER = '5' (line 2, col 8)
Token: COLON = ':' (line 2, col 9)
Token: NEWLINE = '\n' (line 2, col 10)
Token: PRINT = 'print' (line 3, col 5)
Token: LPAREN = '(' (line 3, col 10)
Token: STRING = 'Big' (line 3, col 13)
Token: RPAREN = ')' (line 3, col 16)
Token: NEWLINE = '\n' (line 3, col 17)
Token: ELSE = 'else' (line 4, col 1)
Token: COLON = ':' (line 4, col 5)
Token: NEWLINE = '\n' (line 4, col 6)
Token: PRINT = 'print' (line 5, col 5)
Token: LPAREN = '(' (line 5, col 10)
Token: STRING = 'Small' (line 5, col 13)
Token: RPAREN = ')' (line 5, col 18)
Token: EOF = '' (line 5, col 19)
🚀 Mini Interpreter API running on http://localhost:8000
📝 API Documentation:
  GET  /        - Status check
  POST /execute - Execute code
  POST /compile - Compile code to bytecode
  POST /debug   - Debug code step-by-step

🔧 Frontend should connect to this server
📄 Open frontend/index.html in your browser

⏹️  Press Ctrl+C to stop the server
🔄 Auto-restart enabled - Server will restart on file changes

